bgfg_Segmentation.obj : error LNK2019: unresolved external symbol _rs2_get_librealsense_exception_type referenced in function "public: __thiscall rs2::error::error(struct rs2_error *)" (??0error@rs2@@QAE@PAUrs2_error@@@Z)
bgfg_Segmentation.obj : error LNK2019: unresolved external symbol _rs2_get_failed_function referenced in function "public: __thiscall rs2::error::error(struct rs2_error *)" (??0error@rs2@@QAE@PAUrs2_error@@@Z)
bgfg_Segmentation.obj : error LNK2019: unresolved external symbol _rs2_get_failed_args referenced in function "public: __thiscall rs2::error::error(struct rs2_error *)" (??0error@rs2@@QAE@PAUrs2_error@@@Z)
bgfg_Segmentation.obj : error LNK2019: unresolved external symbol _rs2_get_error_message referenced in function "public: __thiscall rs2::error::error(struct rs2_error *)" (??0error@rs2@@QAE@PAUrs2_error@@@Z)
bgfg_Segmentation.obj : error LNK2019: unresolved external symbol _rs2_free_error referenced in function "public: __thiscall rs2::error::error(struct rs2_error *)" (??0error@rs2@@QAE@PAUrs2_error@@@Z)
bgfg_Segmentation.obj : error LNK2019: unresolved external symbol _rs2_create_context referenced in function "public: __thiscall rs2::context::context(void)" (??0context@rs2@@QAE@XZ)
bgfg_Segmentation.obj : error LNK2019: unresolved external symbol _rs2_delete_context referenced in function "public: __thiscall rs2::context::context(void)" (??0context@rs2@@QAE@XZ)
bgfg_Segmentation.obj : error LNK2019: unresolved external symbol _rs2_stream_to_string referenced in function "public: void __thiscall texture::show(struct rect const &)const " (?show@texture@@QBEXABUrect@@@Z)
bgfg_Segmentation.obj : error LNK2019: unresolved external symbol _rs2_get_stream_profile_data referenced in function "public: __thiscall rs2::stream_profile::stream_profile(struct rs2_stream_profile const *)" (??0stream_profile@rs2@@QAE@PBUrs2_stream_profile@@@Z)
bgfg_Segmentation.obj : error LNK2019: unresolved external symbol _rs2_is_stream_profile_default referenced in function "public: __thiscall rs2::stream_profile::stream_profile(struct rs2_stream_profile const *)" (??0stream_profile@rs2@@QAE@PBUrs2_stream_profile@@@Z)
bgfg_Segmentation.obj : error LNK2019: unresolved external symbol _rs2_get_frame_number referenced in function "public: __thiscall rs2::frame::frame(struct rs2_frame *)" (??0frame@rs2@@QAE@PAUrs2_frame@@@Z)
bgfg_Segmentation.obj : error LNK2019: unresolved external symbol _rs2_get_frame_data referenced in function "public: void const * __thiscall rs2::frame::get_data(void)const " (?get_data@frame@rs2@@QBEPBXXZ)
bgfg_Segmentation.obj : error LNK2019: unresolved external symbol _rs2_get_frame_width referenced in function "public: int __thiscall rs2::video_frame::get_width(void)const " (?get_width@video_frame@rs2@@QBEHXZ)
bgfg_Segmentation.obj : error LNK2019: unresolved external symbol _rs2_get_frame_height referenced in function "public: int __thiscall rs2::video_frame::get_height(void)const " (?get_height@video_frame@rs2@@QBEHXZ)
bgfg_Segmentation.obj : error LNK2019: unresolved external symbol _rs2_frame_add_ref referenced in function "protected: void __thiscall rs2::frame::add_ref(void)const " (?add_ref@frame@rs2@@IBEXXZ)
bgfg_Segmentation.obj : error LNK2019: unresolved external symbol _rs2_release_frame referenced in function "public: __thiscall rs2::frame::~frame(void)" (??1frame@rs2@@QAE@XZ)
bgfg_Segmentation.obj : error LNK2019: unresolved external symbol _rs2_get_frame_vertices referenced in function "public: struct rs2::vertex const * __thiscall rs2::points::get_vertices(void)const " (?get_vertices@points@rs2@@QBEPBUvertex@2@XZ)
bgfg_Segmentation.obj : error LNK2019: unresolved external symbol _rs2_get_frame_texture_coordinates referenced in function "public: struct rs2::texture_coordinate const * __thiscall rs2::points::get_texture_coordinates(void)const " (?get_texture_coordinates@points@rs2@@QBEPBUtexture_coordinate@2@XZ)
bgfg_Segmentation.obj : error LNK2019: unresolved external symbol _rs2_get_frame_stream_profile referenced in function "public: __thiscall rs2::frame::frame(struct rs2_frame *)" (??0frame@rs2@@QAE@PAUrs2_frame@@@Z)
bgfg_Segmentation.obj : error LNK2019: unresolved external symbol _rs2_is_frame_extendable_to referenced in function "public: __thiscall rs2::depth_frame::depth_frame(class rs2::frame const &)" (??0depth_frame@rs2@@QAE@ABVframe@1@@Z)
bgfg_Segmentation.obj : error LNK2019: unresolved external symbol _rs2_extract_frame referenced in function "public: void __thiscall rs2::frameset::foreach<class <lambda_42c298ffe114c9cbe5360fb52aa4828e> >(class <lambda_42c298ffe114c9cbe5360fb52aa4828e>)const " (??$foreach@V<lambda_42c298ffe114c9cbe5360fb52aa4828e>@@@frameset@rs2@@QBEXV<lambda_42c298ffe114c9cbe5360fb52aa4828e>@@@Z)
bgfg_Segmentation.obj : error LNK2019: unresolved external symbol _rs2_embedded_frames_count referenced in function "public: __thiscall rs2::frameset::frameset(class rs2::frame const &)" (??0frameset@rs2@@QAE@ABVframe@1@@Z)
bgfg_Segmentation.obj : error LNK2019: unresolved external symbol _rs2_create_colorizer referenced in function "private: class std::shared_ptr<struct rs2_processing_block> __thiscall rs2::colorizer::init(void)" (?init@colorizer@rs2@@AAE?AV?$shared_ptr@Urs2_processing_block@@@std@@XZ)
bgfg_Segmentation.obj : error LNK2019: unresolved external symbol _rs2_start_processing referenced in function "public: void __thiscall rs2::processing_block::start<class rs2::frame_queue>(class rs2::frame_queue)" (??$start@Vframe_queue@rs2@@@processing_block@rs2@@QAEXVframe_queue@1@@Z)
bgfg_Segmentation.obj : error LNK2019: unresolved external symbol _rs2_process_frame referenced in function "public: void __thiscall rs2::processing_block::invoke(class rs2::frame)const " (?invoke@processing_block@rs2@@QBEXVframe@2@@Z)
bgfg_Segmentation.obj : error LNK2019: unresolved external symbol _rs2_delete_processing_block referenced in function "private: class std::shared_ptr<struct rs2_processing_block> __thiscall rs2::colorizer::init(void)" (?init@colorizer@rs2@@AAE?AV?$shared_ptr@Urs2_processing_block@@@std@@XZ)
bgfg_Segmentation.obj : error LNK2019: unresolved external symbol _rs2_create_frame_queue referenced in function "public: __thiscall rs2::frame_queue::frame_queue(unsigned int)" (??0frame_queue@rs2@@QAE@I@Z)
bgfg_Segmentation.obj : error LNK2019: unresolved external symbol _rs2_delete_frame_queue referenced in function "public: __thiscall rs2::frame_queue::frame_queue(unsigned int)" (??0frame_queue@rs2@@QAE@I@Z)
bgfg_Segmentation.obj : error LNK2019: unresolved external symbol _rs2_poll_for_frame referenced in function "public: bool __thiscall rs2::frame_queue::poll_for_frame<class rs2::frame>(class rs2::frame *)const " (??$poll_for_frame@Vframe@rs2@@@frame_queue@rs2@@QBE_NPAVframe@1@@Z)
bgfg_Segmentation.obj : error LNK2019: unresolved external symbol _rs2_enqueue_frame referenced in function "public: void __thiscall rs2::frame_queue::enqueue(class rs2::frame)const " (?enqueue@frame_queue@rs2@@QBEXVframe@2@@Z)
bgfg_Segmentation.obj : error LNK2019: unresolved external symbol _rs2_log_to_console referenced in function "void __cdecl rs2::log_to_console(enum rs2_log_severity)" (?log_to_console@rs2@@YAXW4rs2_log_severity@@@Z)
bgfg_Segmentation.obj : error LNK2019: unresolved external symbol _rs2_create_pipeline referenced in function "public: __thiscall rs2::pipeline::pipeline(class rs2::context)" (??0pipeline@rs2@@QAE@Vcontext@1@@Z)
bgfg_Segmentation.obj : error LNK2019: unresolved external symbol _rs2_pipeline_wait_for_frames referenced in function "public: class rs2::frameset __thiscall rs2::pipeline::wait_for_frames(unsigned int)const " (?wait_for_frames@pipeline@rs2@@QBE?AVframeset@2@I@Z)
bgfg_Segmentation.obj : error LNK2019: unresolved external symbol _rs2_delete_pipeline referenced in function "public: __thiscall rs2::pipeline::pipeline(class rs2::context)" (??0pipeline@rs2@@QAE@Vcontext@1@@Z)
bgfg_Segmentation.obj : error LNK2019: unresolved external symbol _rs2_pipeline_start referenced in function "public: class rs2::pipeline_profile __thiscall rs2::pipeline::start(void)" (?start@pipeline@rs2@@QAE?AVpipeline_profile@2@XZ)
bgfg_Segmentation.obj : error LNK2019: unresolved external symbol _rs2_delete_pipeline_profile referenced in function "public: class rs2::pipeline_profile __thiscall rs2::pipeline::start(void)" (?start@pipeline@rs2@@QAE?AVpipeline_profile@2@XZ)
C:\Program Files (x86)\Intel RealSense SDK 2.0\lib\x64\\realsense2.lib : warning LNK4272: library machine type 'x64' conflicts with target machine type 'x86'
C:\ToolsDirectory\opencv\exercises\week_6\bgfg_Segmentation\Debug\bgfg_Segmentation.exe : fatal error LNK1120: 36 unresolved externals
